2023-12-03 23:56:54,272 - INFO - Article scraped successfully from https://turkishnetworktimes.com/maskeli-kadin-is-yerine-pompali-tufekle-ates-acti/
2023-12-03 23:56:54,364 - INFO - Article scraped successfully from https://turkishnetworktimes.com/gaziosmanpasada-75-yasindaki-kadinin-supheli-olumu/
2023-12-03 23:56:54,964 - INFO - Article scraped successfully from https://turkishnetworktimes.com/cin-ve-rusyadan-kissinger-icin-taziye-mesaji/
2023-12-03 23:56:55,049 - INFO - Article scraped successfully from https://turkishnetworktimes.com/guterres-2023-insanlik-tarihinin-en-sicak-yili-oluyor/
2023-12-03 23:56:55,119 - INFO - Article scraped successfully from https://turkishnetworktimes.com/kacirildigi-notu-birakip-istedigi-300-bin-lira-fidyeyi-almaya-gelince-yakalandi/
2023-12-03 23:56:55,164 - INFO - Article scraped successfully from https://turkishnetworktimes.com/babasini-oldurup-annesini-yaralayan-sanik-icin-mahkeme-cezai-ehliyet-raporu-istedi/
2023-12-03 23:56:55,266 - INFO - Article scraped successfully from https://turkishnetworktimes.com/marmaranin-batisi-icin-kuvvetli-yagis-uyarisi/
2023-12-03 23:56:55,431 - INFO - Article scraped successfully from https://turkishnetworktimes.com/husumetli-oldugu-muhtar-arkadasini-olduren-muhtar-tutuklandi/
2023-12-03 23:56:55,513 - INFO - Article scraped successfully from https://turkishnetworktimes.com/samsunda-iki-otomobil-carpisti-1i-ak-parti-artvin-genclik-kollari-baskani-2-olu-2-yarali/
2023-12-03 23:56:56,086 - INFO - Article scraped successfully from https://turkishnetworktimes.com/oglu-ve-gelininin-de-oldugu-yikilan-site-davasinda-sanik-damadindan-sikayetci-olmayan-babaya-tepki/
2023-12-03 23:56:58,940 - INFO - Article scraped successfully from https://turkishnetworktimes.com/sosyal-medya-hesabindan-uygunsuz-video-paylasan-kamerunlu-gozaltina-alindi/
2023-12-03 23:56:59,291 - INFO - Article scraped successfully from https://turkishnetworktimes.com/esenyurtta-cocuguyla-yuruyen-kadina-otomobille-yanasip-tacizde-bulunan-supheli-tutuklandi/
2023-12-03 23:57:00,480 - INFO - Article scraped successfully from https://turkishnetworktimes.com/bitlis-merkezli-9-ildeki-teror-operasyonlarinda-46-tutuklama/
2023-12-03 23:57:00,623 - INFO - Article scraped successfully from https://turkishnetworktimes.com/agabeyime-selam-olsun-kilici-keskin-olsun-deyip-oto-galeriye-kursun-yagdirdilar/
2023-12-03 23:57:00,788 - INFO - Article scraped successfully from https://turkishnetworktimes.com/ankarada-ayhan-bora-kaplanin-yegeni-ile-beraber-3-kisi-tutuklandi/
2023-12-03 23:57:00,928 - INFO - Article scraped successfully from https://turkishnetworktimes.com/firtinada-hasar-goren-caminin-minaresi-kontrollu-olarak-yikildi/
2023-12-03 23:57:01,170 - INFO - Article scraped successfully from https://turkishnetworktimes.com/hava-kuvvetlerinden-kibris-adasinin-guneyinde-egitim-ucusu/
2023-12-03 23:57:01,275 - INFO - Article scraped successfully from https://turkishnetworktimes.com/esiyle-tartisip-kendini-bicakladi/
2023-12-03 23:57:01,301 - INFO - Article scraped successfully from https://turkishnetworktimes.com/evinin-bahcesine-giren-eski-enistesini-tufekle-vurup-oldurdu/
2023-12-03 23:57:02,441 - INFO - Article scraped successfully from https://turkishnetworktimes.com/yuruyen-merdivenlerde-dusen-1-5-yasindaki-mert-alinin-parmaklari-koptu/
2023-12-03 23:57:02,813 - INFO - Article scraped successfully from https://turkishnetworktimes.com/ergun-atalay-yeniden-turk-is-genel-baskani-secildi/
2023-12-03 23:57:03,286 - INFO - Article scraped successfully from https://turkishnetworktimes.com/miras-kavgasi-cinayetine-2-tutuklama/
2023-12-03 23:57:04,741 - INFO - Article scraped successfully from https://turkishnetworktimes.com/metruk-evde-cikan-yanginda-oldu/
2023-12-03 23:57:05,053 - INFO - Article scraped successfully from https://turkishnetworktimes.com/kuryenin-vuruldugu-galeriye-saldiriya-2-tutuklama-daha/
2023-12-03 23:57:06,229 - INFO - Article scraped successfully from https://turkishnetworktimes.com/cips-yiyerek-hirsizlik-yapti-guvenlik-kamerasindan-yakalandi/
2023-12-03 23:57:06,279 - INFO - Article scraped successfully from https://turkishnetworktimes.com/msb-pence-kilit-bolgesinde-2-terorist-etkisiz-hale-getirildi/
2023-12-03 23:57:06,282 - INFO - Article scraped successfully from https://turkishnetworktimes.com/yaya-gecidinde-midibus-carpan-esra-oldu-kaza-ani-kamerada/
2023-12-03 23:57:06,641 - INFO - Article scraped successfully from https://turkishnetworktimes.com/cumartesi-annelerinin-eylemini-avrupa-parlamentosu-turkiye-raportoru-takip-etti/
2023-12-03 23:57:06,924 - INFO - Article scraped successfully from https://turkishnetworktimes.com/tartistigi-ogrenciye-filistin-salindan-rahatsiz-oldugunu-soyleyen-servis-soforune-gozalti/
2023-12-03 23:57:07,051 - INFO - Article scraped successfully from https://turkishnetworktimes.com/3-gun-sonra-kiraladigi-evde-olu-bulunan-mehmet-cinayete-kurban-gitmis/
2023-12-03 23:57:07,204 - INFO - Article scraped successfully from https://turkishnetworktimes.com/4u-uzman-cavus-6-kisinin-yaralandigi-kazanin-goruntuleri-ortaya-cikti/
2023-12-03 23:57:08,386 - INFO - Article scraped successfully from https://turkishnetworktimes.com/can-gurzap-yarin-topraga-verilecek/
2023-12-03 23:57:08,926 - INFO - Article scraped successfully from https://turkishnetworktimes.com/esenyurttaki-tekel-baskiniyla-ilgili-avukattan-carpici-iddia/
2023-12-03 23:57:09,099 - INFO - Article scraped successfully from https://turkishnetworktimes.com/bakan-uraloglu-afet-ne-tur-olursa-olsun-biz-hicbirinde-insanimizi-yalniz-birakmadik/
2023-12-03 23:57:10,808 - INFO - Article scraped successfully from https://turkishnetworktimes.com/binmek-istedigi-halk-otobusunun-altinda-kalan-kadin-oldu/
2023-12-03 23:57:10,885 - INFO - Article scraped successfully from https://turkishnetworktimes.com/taksideki-savci-tacizi-onledi-supheliye-17-yil-hapis-talebi/
2023-12-03 23:57:10,973 - INFO - Article scraped successfully from https://turkishnetworktimes.com/msb-saldiri-hazirligindaki-6-terorist-etkisiz-hale-getirildi/
2023-12-03 23:57:11,516 - INFO - Article scraped successfully from https://turkishnetworktimes.com/16-yasindaki-kivancin-darbedilip-oldurulmesinde-5-cocuga-hapis-istemi/
2023-12-03 23:57:11,778 - INFO - Article scraped successfully from https://turkishnetworktimes.com/eski-sevgilisinin-tabancayla-kapisina-dayanan-supheli-serbest-kaldi/
2023-12-03 23:57:11,782 - INFO - Article scraped successfully from https://turkishnetworktimes.com/52-yil-kesinlesmis-hapis-cezasiyla-aranan-firari-yakalandi/
2023-12-03 23:57:12,476 - INFO - Article scraped successfully from https://turkishnetworktimes.com/tunceli-merkezli-3-ilde-operasyon-100-milyon-liralik-vurgun-yapan-sebeke-cokertildi/
2023-12-03 23:57:12,584 - INFO - Article scraped successfully from https://turkishnetworktimes.com/kgmnin-bedelsiz-kamulastirmasina-aym-mulkiyet-hakki-ihlali-dedi/
2023-12-03 23:57:12,981 - INFO - Article scraped successfully from https://turkishnetworktimes.com/barakadaki-yanginda-yasamini-yitirdi/
2023-12-03 23:57:13,322 - INFO - Article scraped successfully from https://turkishnetworktimes.com/izmir-merkezli-5-ilde-10-milyon-liralik-dolandiricilik-yapan-suphelilere-operasyon-65-gozalti/
